2021-02-16 07:31:45 [::1][-][3594eopelluoinc4vu0js08oh0][error][yii\web\HttpException:404] exception 'yii\base\InvalidRouteException' with message 'Unable to resolve the request "uploaded_files/aplikasi/favicon.png".' in C:\xampp\htdocs\inlislite3\vendor\yiisoft\yii2\base\Module.php:460
Stack trace:
#0 C:\xampp\htdocs\inlislite3\vendor\yiisoft\yii2\web\Application.php(84): yii\base\Module->runAction('uploaded_files/...', Array)
#1 C:\xampp\htdocs\inlislite3\vendor\yiisoft\yii2\base\Application.php(375): yii\web\Application->handleRequest(Object(yii\web\Request))
#2 C:\xampp\htdocs\inlislite3\keanggotaan\index.php(18): yii\base\Application->run()
#3 {main}

Next exception 'yii\web\NotFoundHttpException' with message 'Halaman tidak ditemukan.' in C:\xampp\htdocs\inlislite3\vendor\yiisoft\yii2\web\Application.php:96
Stack trace:
#0 C:\xampp\htdocs\inlislite3\vendor\yiisoft\yii2\base\Application.php(375): yii\web\Application->handleRequest(Object(yii\web\Request))
#1 C:\xampp\htdocs\inlislite3\keanggotaan\index.php(18): yii\base\Application->run()
#2 {main}
2021-02-16 07:31:45 [::1][-][3594eopelluoinc4vu0js08oh0][info][application] $_COOKIE = [
    '_identity' => 'af3e2a0e951dec577795a0c5ffd91cd682a11d709a13aa959f261807f7b4af33a:2:{i:0;s:9:\"_identity\";i:1;s:17:\"[33,null,2592000]\";}'
    'csm-sid' => '451-4918081-7019463'
    '_backendInlislite' => '0df49c562cc855ecd48a8f93992d461f040701af139cffea6550e7f4c48d9521a:2:{i:0;s:17:\"_backendInlislite\";i:1;s:32:\"azckOi0flrFhQQAFbE5v3QaeK4COoGYw\";}'
    'PHPSESSID' => '0uut7elblf039854vd5j31vk37'
    '_csrf' => 'a47d9ea0d914d43e99f12dbd7acdf87ee9fafbf79a9b4d8d23ce61741110289ca:2:{i:0;s:5:\"_csrf\";i:1;s:32:\"FcsV8-SLZ85n2z24yUan_Ck4xeBTHh3P\";}'
    '_keanggotaanInlislite' => '7f48172d134f005c90e9f64e0c7cdd305198a6339b218567caf410f11e9f390aa:2:{i:0;s:21:\"_keanggotaanInlislite\";i:1;s:32:\"TdoLrDGUk0KP2Fiaeb1xwgVgK7A5ApJy\";}'
    '_LKDInlislite' => '3f9e1eb8fbae22deac9ccf5cc91ae0256925d6037f48f076802733213f06aee3a:2:{i:0;s:13:\"_LKDInlislite\";i:1;s:32:\"Ugwr2dKDwvjfRTQ_hE0A3y33fzlE7Bjy\";}'
    '_OpacInlislite' => '76260e4a4f952275ac097df442d755f0fd7356f77f4d9b17d6b50cf53012b0f3a:2:{i:0;s:14:\"_OpacInlislite\";i:1;s:32:\"b7ifx_6qKUubXbgNgag3jcJeImOeP0HY\";}'
    'backendSession' => 'epq0uf3kdki93qef0pgbbu9d63'
    'keanggotaanSession' => '3594eopelluoinc4vu0js08oh0'
]

$_SESSION = [
    '__flash' => []
    '__returnUrl' => '/inlislite3/opac/'
    '__id' => 1
]

$_SERVER = [
    'REDIRECT_MIBDIRS' => 'C:/xampp/php/extras/mibs'
    'REDIRECT_MYSQL_HOME' => '\\xampp\\mysql\\bin'
    'REDIRECT_OPENSSL_CONF' => 'C:/xampp/apache/bin/openssl.cnf'
    'REDIRECT_PHP_PEAR_SYSCONF_DIR' => '\\xampp\\php'
    'REDIRECT_PHPRC' => '\\xampp\\php'
    'REDIRECT_TMP' => '\\xampp\\tmp'
    'REDIRECT_STATUS' => '200'
    'MIBDIRS' => 'C:/xampp/php/extras/mibs'
    'MYSQL_HOME' => '\\xampp\\mysql\\bin'
    'OPENSSL_CONF' => 'C:/xampp/apache/bin/openssl.cnf'
    'PHP_PEAR_SYSCONF_DIR' => '\\xampp\\php'
    'PHPRC' => '\\xampp\\php'
    'TMP' => '\\xampp\\tmp'
    'HTTP_HOST' => 'localhost:8123'
    'HTTP_CONNECTION' => 'keep-alive'
    'HTTP_USER_AGENT' => 'Mozilla/5.0 (Windows NT 10.0; Win64; x64) AppleWebKit/537.36 (KHTML, like Gecko) Chrome/88.0.4324.150 Safari/537.36'
    'HTTP_ACCEPT' => 'image/avif,image/webp,image/apng,image/svg+xml,image/*,*/*;q=0.8'
    'HTTP_SEC_FETCH_SITE' => 'same-origin'
    'HTTP_SEC_FETCH_MODE' => 'no-cors'
    'HTTP_SEC_FETCH_DEST' => 'image'
    'HTTP_REFERER' => 'http://localhost:8123/inlislite3/keanggotaan/site/index'
    'HTTP_ACCEPT_ENCODING' => 'gzip, deflate, br'
    'HTTP_ACCEPT_LANGUAGE' => 'en-US,en;q=0.9'
    'HTTP_COOKIE' => '_identity=af3e2a0e951dec577795a0c5ffd91cd682a11d709a13aa959f261807f7b4af33a%3A2%3A%7Bi%3A0%3Bs%3A9%3A%22_identity%22%3Bi%3A1%3Bs%3A17%3A%22%5B33%2Cnull%2C2592000%5D%22%3B%7D; csm-sid=451-4918081-7019463; _backendInlislite=0df49c562cc855ecd48a8f93992d461f040701af139cffea6550e7f4c48d9521a%3A2%3A%7Bi%3A0%3Bs%3A17%3A%22_backendInlislite%22%3Bi%3A1%3Bs%3A32%3A%22azckOi0flrFhQQAFbE5v3QaeK4COoGYw%22%3B%7D; PHPSESSID=0uut7elblf039854vd5j31vk37; _csrf=a47d9ea0d914d43e99f12dbd7acdf87ee9fafbf79a9b4d8d23ce61741110289ca%3A2%3A%7Bi%3A0%3Bs%3A5%3A%22_csrf%22%3Bi%3A1%3Bs%3A32%3A%22FcsV8-SLZ85n2z24yUan_Ck4xeBTHh3P%22%3B%7D; _keanggotaanInlislite=7f48172d134f005c90e9f64e0c7cdd305198a6339b218567caf410f11e9f390aa%3A2%3A%7Bi%3A0%3Bs%3A21%3A%22_keanggotaanInlislite%22%3Bi%3A1%3Bs%3A32%3A%22TdoLrDGUk0KP2Fiaeb1xwgVgK7A5ApJy%22%3B%7D; _LKDInlislite=3f9e1eb8fbae22deac9ccf5cc91ae0256925d6037f48f076802733213f06aee3a%3A2%3A%7Bi%3A0%3Bs%3A13%3A%22_LKDInlislite%22%3Bi%3A1%3Bs%3A32%3A%22Ugwr2dKDwvjfRTQ_hE0A3y33fzlE7Bjy%22%3B%7D; _OpacInlislite=76260e4a4f952275ac097df442d755f0fd7356f77f4d9b17d6b50cf53012b0f3a%3A2%3A%7Bi%3A0%3Bs%3A14%3A%22_OpacInlislite%22%3Bi%3A1%3Bs%3A32%3A%22b7ifx_6qKUubXbgNgag3jcJeImOeP0HY%22%3B%7D; backendSession=epq0uf3kdki93qef0pgbbu9d63; keanggotaanSession=3594eopelluoinc4vu0js08oh0'
    'PATH' => 'C:\\Windows\\system32;C:\\Windows;C:\\Windows\\System32\\Wbem;C:\\Windows\\System32\\WindowsPowerShell\\v1.0\\;C:\\Windows\\System32\\OpenSSH\\;C:\\Program Files\\Git\\cmd;C:\\Program Files\\nodejs\\;C:\\laragon\\bin\\php\\php-7.2.19-Win32-VC15-x64;C:\\ProgramData\\ComposerSetup\\bin;C:\\flutter\\bin;;C:\\Program Files\\Microsoft VS Code\\bin;C:\\Users\\ipas\\AppData\\Local\\Programs\\Python\\Python38\\Scripts\\;C:\\Users\\ipas\\AppData\\Local\\Programs\\Python\\Python38\\;C:\\laragon\\bin;C:\\laragon\\bin\\apache\\httpd-2.4.35-win64-VC15\\bin;C:\\laragon\\bin\\composer;C:\\laragon\\bin\\git\\bin;C:\\laragon\\bin\\git\\cmd;C:\\laragon\\bin\\git\\mingw64\\bin;C:\\laragon\\bin\\git\\usr\\bin;C:\\laragon\\bin\\laragon\\utils;C:\\laragon\\bin\\mysql\\mysql-5.7.24-winx64\\bin;C:\\laragon\\bin\\nginx\\nginx-1.16.0;C:\\laragon\\bin\\ngrok;C:\\laragon\\bin\\nodejs\\node-v12;C:\\laragon\\bin\\notepad++;C:\\laragon\\bin\\php\\php-7.2.19-Win32-VC15-x64;C:\\laragon\\bin\\putty;C:\\laragon\\bin\\redis\\redis-x64-3.2.100;C:\\laragon\\bin\\telnet;C:\\laragon\\usr\\bin;C:\\Users\\ipas\\AppData\\Local\\Yarn\\config\\global\\node_modules\\.bin;C:\\Users\\ipas\\AppData\\Roaming\\Composer\\vendor\\bin;C:\\Users\\ipas\\AppData\\Roaming\\npm;C:\\Users\\ipas\\AppData\\Local\\Microsoft\\WindowsApps;C:\\Program Files\\heroku\\bin;C:\\Users\\ipas\\AppData\\Local\\Android\\Sdk\\platform-tools;'
    'SystemRoot' => 'C:\\Windows'
    'COMSPEC' => 'C:\\Windows\\system32\\cmd.exe'
    'PATHEXT' => '.COM;.EXE;.BAT;.CMD;.VBS;.VBE;.JS;.JSE;.WSF;.WSH;.MSC'
    'WINDIR' => 'C:\\Windows'
    'SERVER_SIGNATURE' => '<address>Apache/2.4.17 (Win32) OpenSSL/1.0.2d PHP/5.6.19 Server at localhost Port 8123</address>
'
    'SERVER_SOFTWARE' => 'Apache/2.4.17 (Win32) OpenSSL/1.0.2d PHP/5.6.19'
    'SERVER_NAME' => 'localhost'
    'SERVER_ADDR' => '::1'
    'SERVER_PORT' => '8123'
    'REMOTE_ADDR' => '::1'
    'DOCUMENT_ROOT' => 'C:/xampp/htdocs'
    'REQUEST_SCHEME' => 'http'
    'CONTEXT_PREFIX' => ''
    'CONTEXT_DOCUMENT_ROOT' => 'C:/xampp/htdocs'
    'SERVER_ADMIN' => 'postmaster@localhost'
    'SCRIPT_FILENAME' => 'C:/xampp/htdocs/inlislite3/keanggotaan/index.php'
    'REMOTE_PORT' => '54031'
    'REDIRECT_URL' => 'http://localhost:8123/inlislite3/keanggotaan/uploaded_files/aplikasi/favicon.png'
    'GATEWAY_INTERFACE' => 'CGI/1.1'
    'SERVER_PROTOCOL' => 'HTTP/1.1'
    'REQUEST_METHOD' => 'GET'
    'QUERY_STRING' => ''
    'REQUEST_URI' => '/inlislite3/keanggotaan/uploaded_files/aplikasi/favicon.png'
    'SCRIPT_NAME' => '/inlislite3/keanggotaan/index.php'
    'PHP_SELF' => '/inlislite3/keanggotaan/index.php'
    'REQUEST_TIME_FLOAT' => 1613435504.724
    'REQUEST_TIME' => 1613435504
]
2021-03-27 09:54:48 [::1][-][-][error][yii\i18n\PhpMessageSource::loadFallbackMessages] The message file for category 'kvdate' does not exist: C:\xampp\htdocs\inlislite3\vendor\kartik-v\yii2-widget-datepicker/messages/idn/kvdate.php Fallback file does not exist as well: C:\xampp\htdocs\inlislite3\vendor\kartik-v\yii2-widget-datepicker/messages/id/kvdate.php
    in C:\xampp\htdocs\inlislite3\vendor\kartik-v\yii2-widget-datepicker\DatePicker.php:290
    in C:\xampp\htdocs\inlislite3\vendor\kartik-v\yii2-widget-datepicker\DatePicker.php:316
    in C:\xampp\htdocs\inlislite3\vendor\kartik-v\yii2-widget-datepicker\DatePicker.php:266
2021-03-27 09:54:42 [::1][-][-][info][application] $_COOKIE = [
    '_identity' => 'af3e2a0e951dec577795a0c5ffd91cd682a11d709a13aa959f261807f7b4af33a:2:{i:0;s:9:\"_identity\";i:1;s:17:\"[33,null,2592000]\";}'
    'backendSession' => 'hf3pasr6q4n9kt46dlelntk8o2'
    '_backendInlislite' => '3f2340f575d757476e5d81ee3361a35c6b3ba91f7875361957054a5682a0a83ea:2:{i:0;s:17:\"_backendInlislite\";i:1;s:32:\"qeacreFAWob4-_sKiLV6jHRrRfYgg4k9\";}'
    'PHPSESSID' => 'dem31ahaltv5ch2fie267dcnr0'
    '_csrf' => '38db2003b053781c18ae0dfc2e21db54fea94d39170c1e1c4aa61e4f1d13ae1ea:2:{i:0;s:5:\"_csrf\";i:1;s:32:\"CE1NpTTYGizj8SW_WimkSY6XVCcSLbCd\";}'
    'keanggotaanSession' => 'jf5ue98e3lpgnfda7rvh5uts35'
    '_keanggotaanInlislite' => '295312ec0d749a47e3bc394fedab9cf168b6d1728c11156b4958ca2bd8a947aea:2:{i:0;s:21:\"_keanggotaanInlislite\";i:1;s:32:\"QqCU7KApo9pOg12-ns_bkcpMrm6kk8Mu\";}'
]

$_SESSION = [
    '__flash' => []
]

$_SERVER = [
    'REDIRECT_MIBDIRS' => 'C:/xampp/php/extras/mibs'
    'REDIRECT_MYSQL_HOME' => '\\xampp\\mysql\\bin'
    'REDIRECT_OPENSSL_CONF' => 'C:/xampp/apache/bin/openssl.cnf'
    'REDIRECT_PHP_PEAR_SYSCONF_DIR' => '\\xampp\\php'
    'REDIRECT_PHPRC' => '\\xampp\\php'
    'REDIRECT_TMP' => '\\xampp\\tmp'
    'REDIRECT_STATUS' => '200'
    'MIBDIRS' => 'C:/xampp/php/extras/mibs'
    'MYSQL_HOME' => '\\xampp\\mysql\\bin'
    'OPENSSL_CONF' => 'C:/xampp/apache/bin/openssl.cnf'
    'PHP_PEAR_SYSCONF_DIR' => '\\xampp\\php'
    'PHPRC' => '\\xampp\\php'
    'TMP' => '\\xampp\\tmp'
    'HTTP_HOST' => 'localhost:8123'
    'HTTP_CONNECTION' => 'keep-alive'
    'HTTP_SEC_CH_UA' => '\"Google Chrome\";v=\"89\", \"Chromium\";v=\"89\", \";Not A Brand\";v=\"99\"'
    'HTTP_SEC_CH_UA_MOBILE' => '?0'
    'HTTP_UPGRADE_INSECURE_REQUESTS' => '1'
    'HTTP_USER_AGENT' => 'Mozilla/5.0 (Windows NT 10.0; Win64; x64) AppleWebKit/537.36 (KHTML, like Gecko) Chrome/89.0.4389.90 Safari/537.36'
    'HTTP_ACCEPT' => 'text/html,application/xhtml+xml,application/xml;q=0.9,image/avif,image/webp,image/apng,*/*;q=0.8,application/signed-exchange;v=b3;q=0.9'
    'HTTP_SEC_FETCH_SITE' => 'same-origin'
    'HTTP_SEC_FETCH_MODE' => 'navigate'
    'HTTP_SEC_FETCH_USER' => '?1'
    'HTTP_SEC_FETCH_DEST' => 'document'
    'HTTP_REFERER' => 'http://localhost:8123/inlislite3/keanggotaan/site/login'
    'HTTP_ACCEPT_ENCODING' => 'gzip, deflate, br'
    'HTTP_ACCEPT_LANGUAGE' => 'en-US,en;q=0.9'
    'HTTP_COOKIE' => '_identity=af3e2a0e951dec577795a0c5ffd91cd682a11d709a13aa959f261807f7b4af33a%3A2%3A%7Bi%3A0%3Bs%3A9%3A%22_identity%22%3Bi%3A1%3Bs%3A17%3A%22%5B33%2Cnull%2C2592000%5D%22%3B%7D; backendSession=hf3pasr6q4n9kt46dlelntk8o2; _backendInlislite=3f2340f575d757476e5d81ee3361a35c6b3ba91f7875361957054a5682a0a83ea%3A2%3A%7Bi%3A0%3Bs%3A17%3A%22_backendInlislite%22%3Bi%3A1%3Bs%3A32%3A%22qeacreFAWob4-_sKiLV6jHRrRfYgg4k9%22%3B%7D; PHPSESSID=dem31ahaltv5ch2fie267dcnr0; _csrf=38db2003b053781c18ae0dfc2e21db54fea94d39170c1e1c4aa61e4f1d13ae1ea%3A2%3A%7Bi%3A0%3Bs%3A5%3A%22_csrf%22%3Bi%3A1%3Bs%3A32%3A%22CE1NpTTYGizj8SW_WimkSY6XVCcSLbCd%22%3B%7D; keanggotaanSession=jf5ue98e3lpgnfda7rvh5uts35; _keanggotaanInlislite=295312ec0d749a47e3bc394fedab9cf168b6d1728c11156b4958ca2bd8a947aea%3A2%3A%7Bi%3A0%3Bs%3A21%3A%22_keanggotaanInlislite%22%3Bi%3A1%3Bs%3A32%3A%22QqCU7KApo9pOg12-ns_bkcpMrm6kk8Mu%22%3B%7D'
    'PATH' => 'C:\\Program Files (x86)\\Common Files\\Oracle\\Java\\javapath;C:\\Windows\\system32;C:\\Windows;C:\\Windows\\System32\\Wbem;C:\\Windows\\System32\\WindowsPowerShell\\v1.0\\;C:\\Windows\\System32\\OpenSSH\\;C:\\Program Files\\Git\\cmd;C:\\Program Files\\nodejs\\;C:\\laragon\\bin\\php\\php-7.2.19-Win32-VC15-x64;C:\\ProgramData\\ComposerSetup\\bin;C:\\flutter\\bin;;C:\\Program Files\\Microsoft VS Code\\bin;C:\\Users\\ipas\\AppData\\Local\\Programs\\Python\\Python38\\Scripts\\;C:\\Users\\ipas\\AppData\\Local\\Programs\\Python\\Python38\\;C:\\laragon\\bin;C:\\laragon\\bin\\apache\\httpd-2.4.35-win64-VC15\\bin;C:\\laragon\\bin\\composer;C:\\laragon\\bin\\git\\bin;C:\\laragon\\bin\\git\\cmd;C:\\laragon\\bin\\git\\mingw64\\bin;C:\\laragon\\bin\\git\\usr\\bin;C:\\laragon\\bin\\laragon\\utils;C:\\laragon\\bin\\mysql\\mysql-5.7.24-winx64\\bin;C:\\laragon\\bin\\nginx\\nginx-1.16.0;C:\\laragon\\bin\\ngrok;C:\\laragon\\bin\\nodejs\\node-v12;C:\\laragon\\bin\\notepad++;C:\\laragon\\bin\\php\\php-7.2.19-Win32-VC15-x64;C:\\laragon\\bin\\putty;C:\\laragon\\bin\\redis\\redis-x64-3.2.100;C:\\laragon\\bin\\telnet;C:\\laragon\\usr\\bin;C:\\Users\\ipas\\AppData\\Local\\Yarn\\config\\global\\node_modules\\.bin;C:\\Users\\ipas\\AppData\\Roaming\\Composer\\vendor\\bin;C:\\Users\\ipas\\AppData\\Roaming\\npm;C:\\Users\\ipas\\AppData\\Local\\Microsoft\\WindowsApps;C:\\Program Files\\heroku\\bin;C:\\Users\\ipas\\AppData\\Local\\Android\\Sdk\\platform-tools;'
    'SystemRoot' => 'C:\\Windows'
    'COMSPEC' => 'C:\\Windows\\system32\\cmd.exe'
    'PATHEXT' => '.COM;.EXE;.BAT;.CMD;.VBS;.VBE;.JS;.JSE;.WSF;.WSH;.MSC'
    'WINDIR' => 'C:\\Windows'
    'SERVER_SIGNATURE' => '<address>Apache/2.4.17 (Win32) OpenSSL/1.0.2d PHP/5.6.19 Server at localhost Port 8123</address>
'
    'SERVER_SOFTWARE' => 'Apache/2.4.17 (Win32) OpenSSL/1.0.2d PHP/5.6.19'
    'SERVER_NAME' => 'localhost'
    'SERVER_ADDR' => '::1'
    'SERVER_PORT' => '8123'
    'REMOTE_ADDR' => '::1'
    'DOCUMENT_ROOT' => 'C:/xampp/htdocs'
    'REQUEST_SCHEME' => 'http'
    'CONTEXT_PREFIX' => ''
    'CONTEXT_DOCUMENT_ROOT' => 'C:/xampp/htdocs'
    'SERVER_ADMIN' => 'postmaster@localhost'
    'SCRIPT_FILENAME' => 'C:/xampp/htdocs/inlislite3/keanggotaan/index.php'
    'REMOTE_PORT' => '52124'
    'REDIRECT_URL' => 'http://localhost:8123/inlislite3/keanggotaan/site/request-password-reset'
    'GATEWAY_INTERFACE' => 'CGI/1.1'
    'SERVER_PROTOCOL' => 'HTTP/1.1'
    'REQUEST_METHOD' => 'GET'
    'QUERY_STRING' => ''
    'REQUEST_URI' => '/inlislite3/keanggotaan/site/request-password-reset'
    'SCRIPT_NAME' => '/inlislite3/keanggotaan/index.php'
    'PHP_SELF' => '/inlislite3/keanggotaan/index.php'
    'REQUEST_TIME_FLOAT' => 1616813682.499
    'REQUEST_TIME' => 1616813682
]
2021-03-27 09:57:03 [::1][-][g2m2al995pqac0ji83fs6mbme4][error][yii\web\HttpException:404] exception 'yii\base\InvalidRouteException' with message 'Unable to resolve the request "uploaded_files/aplikasi/favicon.png".' in C:\xampp\htdocs\inlislite3\vendor\yiisoft\yii2\base\Module.php:460
Stack trace:
#0 C:\xampp\htdocs\inlislite3\vendor\yiisoft\yii2\web\Application.php(84): yii\base\Module->runAction('uploaded_files/...', Array)
#1 C:\xampp\htdocs\inlislite3\vendor\yiisoft\yii2\base\Application.php(375): yii\web\Application->handleRequest(Object(yii\web\Request))
#2 C:\xampp\htdocs\inlislite3\keanggotaan\index.php(18): yii\base\Application->run()
#3 {main}

Next exception 'yii\web\NotFoundHttpException' with message 'Halaman tidak ditemukan.' in C:\xampp\htdocs\inlislite3\vendor\yiisoft\yii2\web\Application.php:96
Stack trace:
#0 C:\xampp\htdocs\inlislite3\vendor\yiisoft\yii2\base\Application.php(375): yii\web\Application->handleRequest(Object(yii\web\Request))
#1 C:\xampp\htdocs\inlislite3\keanggotaan\index.php(18): yii\base\Application->run()
#2 {main}
2021-03-27 09:57:03 [::1][-][g2m2al995pqac0ji83fs6mbme4][info][application] $_COOKIE = [
    '_identity' => 'af3e2a0e951dec577795a0c5ffd91cd682a11d709a13aa959f261807f7b4af33a:2:{i:0;s:9:\"_identity\";i:1;s:17:\"[33,null,2592000]\";}'
    '_backendInlislite' => '3f2340f575d757476e5d81ee3361a35c6b3ba91f7875361957054a5682a0a83ea:2:{i:0;s:17:\"_backendInlislite\";i:1;s:32:\"qeacreFAWob4-_sKiLV6jHRrRfYgg4k9\";}'
    'PHPSESSID' => 'dem31ahaltv5ch2fie267dcnr0'
    '_csrf' => '38db2003b053781c18ae0dfc2e21db54fea94d39170c1e1c4aa61e4f1d13ae1ea:2:{i:0;s:5:\"_csrf\";i:1;s:32:\"CE1NpTTYGizj8SW_WimkSY6XVCcSLbCd\";}'
    '_keanggotaanInlislite' => '295312ec0d749a47e3bc394fedab9cf168b6d1728c11156b4958ca2bd8a947aea:2:{i:0;s:21:\"_keanggotaanInlislite\";i:1;s:32:\"QqCU7KApo9pOg12-ns_bkcpMrm6kk8Mu\";}'
    'backendSession' => 'vd39mav8qfqrref53g2smd2gl2'
    'keanggotaanSession' => 'g2m2al995pqac0ji83fs6mbme4'
]

$_SESSION = [
    '__flash' => []
    '__id' => 2
]

$_SERVER = [
    'REDIRECT_MIBDIRS' => 'C:/xampp/php/extras/mibs'
    'REDIRECT_MYSQL_HOME' => '\\xampp\\mysql\\bin'
    'REDIRECT_OPENSSL_CONF' => 'C:/xampp/apache/bin/openssl.cnf'
    'REDIRECT_PHP_PEAR_SYSCONF_DIR' => '\\xampp\\php'
    'REDIRECT_PHPRC' => '\\xampp\\php'
    'REDIRECT_TMP' => '\\xampp\\tmp'
    'REDIRECT_STATUS' => '200'
    'MIBDIRS' => 'C:/xampp/php/extras/mibs'
    'MYSQL_HOME' => '\\xampp\\mysql\\bin'
    'OPENSSL_CONF' => 'C:/xampp/apache/bin/openssl.cnf'
    'PHP_PEAR_SYSCONF_DIR' => '\\xampp\\php'
    'PHPRC' => '\\xampp\\php'
    'TMP' => '\\xampp\\tmp'
    'HTTP_HOST' => 'localhost:8123'
    'HTTP_CONNECTION' => 'keep-alive'
    'HTTP_SEC_CH_UA' => '\"Google Chrome\";v=\"89\", \"Chromium\";v=\"89\", \";Not A Brand\";v=\"99\"'
    'HTTP_SEC_CH_UA_MOBILE' => '?0'
    'HTTP_USER_AGENT' => 'Mozilla/5.0 (Windows NT 10.0; Win64; x64) AppleWebKit/537.36 (KHTML, like Gecko) Chrome/89.0.4389.90 Safari/537.36'
    'HTTP_ACCEPT' => 'image/avif,image/webp,image/apng,image/svg+xml,image/*,*/*;q=0.8'
    'HTTP_SEC_FETCH_SITE' => 'same-origin'
    'HTTP_SEC_FETCH_MODE' => 'no-cors'
    'HTTP_SEC_FETCH_DEST' => 'image'
    'HTTP_REFERER' => 'http://localhost:8123/inlislite3/keanggotaan/site/index'
    'HTTP_ACCEPT_ENCODING' => 'gzip, deflate, br'
    'HTTP_ACCEPT_LANGUAGE' => 'en-US,en;q=0.9'
    'HTTP_COOKIE' => '_identity=af3e2a0e951dec577795a0c5ffd91cd682a11d709a13aa959f261807f7b4af33a%3A2%3A%7Bi%3A0%3Bs%3A9%3A%22_identity%22%3Bi%3A1%3Bs%3A17%3A%22%5B33%2Cnull%2C2592000%5D%22%3B%7D; _backendInlislite=3f2340f575d757476e5d81ee3361a35c6b3ba91f7875361957054a5682a0a83ea%3A2%3A%7Bi%3A0%3Bs%3A17%3A%22_backendInlislite%22%3Bi%3A1%3Bs%3A32%3A%22qeacreFAWob4-_sKiLV6jHRrRfYgg4k9%22%3B%7D; PHPSESSID=dem31ahaltv5ch2fie267dcnr0; _csrf=38db2003b053781c18ae0dfc2e21db54fea94d39170c1e1c4aa61e4f1d13ae1ea%3A2%3A%7Bi%3A0%3Bs%3A5%3A%22_csrf%22%3Bi%3A1%3Bs%3A32%3A%22CE1NpTTYGizj8SW_WimkSY6XVCcSLbCd%22%3B%7D; _keanggotaanInlislite=295312ec0d749a47e3bc394fedab9cf168b6d1728c11156b4958ca2bd8a947aea%3A2%3A%7Bi%3A0%3Bs%3A21%3A%22_keanggotaanInlislite%22%3Bi%3A1%3Bs%3A32%3A%22QqCU7KApo9pOg12-ns_bkcpMrm6kk8Mu%22%3B%7D; backendSession=vd39mav8qfqrref53g2smd2gl2; keanggotaanSession=g2m2al995pqac0ji83fs6mbme4'
    'PATH' => 'C:\\Program Files (x86)\\Common Files\\Oracle\\Java\\javapath;C:\\Windows\\system32;C:\\Windows;C:\\Windows\\System32\\Wbem;C:\\Windows\\System32\\WindowsPowerShell\\v1.0\\;C:\\Windows\\System32\\OpenSSH\\;C:\\Program Files\\Git\\cmd;C:\\Program Files\\nodejs\\;C:\\laragon\\bin\\php\\php-7.2.19-Win32-VC15-x64;C:\\ProgramData\\ComposerSetup\\bin;C:\\flutter\\bin;;C:\\Program Files\\Microsoft VS Code\\bin;C:\\Users\\ipas\\AppData\\Local\\Programs\\Python\\Python38\\Scripts\\;C:\\Users\\ipas\\AppData\\Local\\Programs\\Python\\Python38\\;C:\\laragon\\bin;C:\\laragon\\bin\\apache\\httpd-2.4.35-win64-VC15\\bin;C:\\laragon\\bin\\composer;C:\\laragon\\bin\\git\\bin;C:\\laragon\\bin\\git\\cmd;C:\\laragon\\bin\\git\\mingw64\\bin;C:\\laragon\\bin\\git\\usr\\bin;C:\\laragon\\bin\\laragon\\utils;C:\\laragon\\bin\\mysql\\mysql-5.7.24-winx64\\bin;C:\\laragon\\bin\\nginx\\nginx-1.16.0;C:\\laragon\\bin\\ngrok;C:\\laragon\\bin\\nodejs\\node-v12;C:\\laragon\\bin\\notepad++;C:\\laragon\\bin\\php\\php-7.2.19-Win32-VC15-x64;C:\\laragon\\bin\\putty;C:\\laragon\\bin\\redis\\redis-x64-3.2.100;C:\\laragon\\bin\\telnet;C:\\laragon\\usr\\bin;C:\\Users\\ipas\\AppData\\Local\\Yarn\\config\\global\\node_modules\\.bin;C:\\Users\\ipas\\AppData\\Roaming\\Composer\\vendor\\bin;C:\\Users\\ipas\\AppData\\Roaming\\npm;C:\\Users\\ipas\\AppData\\Local\\Microsoft\\WindowsApps;C:\\Program Files\\heroku\\bin;C:\\Users\\ipas\\AppData\\Local\\Android\\Sdk\\platform-tools;'
    'SystemRoot' => 'C:\\Windows'
    'COMSPEC' => 'C:\\Windows\\system32\\cmd.exe'
    'PATHEXT' => '.COM;.EXE;.BAT;.CMD;.VBS;.VBE;.JS;.JSE;.WSF;.WSH;.MSC'
    'WINDIR' => 'C:\\Windows'
    'SERVER_SIGNATURE' => '<address>Apache/2.4.17 (Win32) OpenSSL/1.0.2d PHP/5.6.19 Server at localhost Port 8123</address>
'
    'SERVER_SOFTWARE' => 'Apache/2.4.17 (Win32) OpenSSL/1.0.2d PHP/5.6.19'
    'SERVER_NAME' => 'localhost'
    'SERVER_ADDR' => '::1'
    'SERVER_PORT' => '8123'
    'REMOTE_ADDR' => '::1'
    'DOCUMENT_ROOT' => 'C:/xampp/htdocs'
    'REQUEST_SCHEME' => 'http'
    'CONTEXT_PREFIX' => ''
    'CONTEXT_DOCUMENT_ROOT' => 'C:/xampp/htdocs'
    'SERVER_ADMIN' => 'postmaster@localhost'
    'SCRIPT_FILENAME' => 'C:/xampp/htdocs/inlislite3/keanggotaan/index.php'
    'REMOTE_PORT' => '52174'
    'REDIRECT_URL' => 'http://localhost:8123/inlislite3/keanggotaan/uploaded_files/aplikasi/favicon.png'
    'GATEWAY_INTERFACE' => 'CGI/1.1'
    'SERVER_PROTOCOL' => 'HTTP/1.1'
    'REQUEST_METHOD' => 'GET'
    'QUERY_STRING' => ''
    'REQUEST_URI' => '/inlislite3/keanggotaan/uploaded_files/aplikasi/favicon.png'
    'SCRIPT_NAME' => '/inlislite3/keanggotaan/index.php'
    'PHP_SELF' => '/inlislite3/keanggotaan/index.php'
    'REQUEST_TIME_FLOAT' => 1616813823.061
    'REQUEST_TIME' => 1616813823
]
2021-03-29 13:18:46 [::1][-][1ue30s84ckhgifbclgn2m50eq2][error][yii\web\HttpException:404] exception 'yii\base\InvalidRouteException' with message 'Unable to resolve the request "uploaded_files/aplikasi/favicon.png".' in C:\xampp\htdocs\inlislite3\vendor\yiisoft\yii2\base\Module.php:460
Stack trace:
#0 C:\xampp\htdocs\inlislite3\vendor\yiisoft\yii2\web\Application.php(84): yii\base\Module->runAction('uploaded_files/...', Array)
#1 C:\xampp\htdocs\inlislite3\vendor\yiisoft\yii2\base\Application.php(375): yii\web\Application->handleRequest(Object(yii\web\Request))
#2 C:\xampp\htdocs\inlislite3\keanggotaan\index.php(18): yii\base\Application->run()
#3 {main}

Next exception 'yii\web\NotFoundHttpException' with message 'Halaman tidak ditemukan.' in C:\xampp\htdocs\inlislite3\vendor\yiisoft\yii2\web\Application.php:96
Stack trace:
#0 C:\xampp\htdocs\inlislite3\vendor\yiisoft\yii2\base\Application.php(375): yii\web\Application->handleRequest(Object(yii\web\Request))
#1 C:\xampp\htdocs\inlislite3\keanggotaan\index.php(18): yii\base\Application->run()
#2 {main}
2021-03-29 13:18:46 [::1][-][1ue30s84ckhgifbclgn2m50eq2][info][application] $_COOKIE = [
    '_identity' => 'af3e2a0e951dec577795a0c5ffd91cd682a11d709a13aa959f261807f7b4af33a:2:{i:0;s:9:\"_identity\";i:1;s:17:\"[33,null,2592000]\";}'
    '_backendInlislite' => '8fe846c6c0cd49bcbb060ec1bab755022c18d566625eb1de421b3bf4fe551b07a:2:{i:0;s:17:\"_backendInlislite\";i:1;s:32:\"ttPUDPsXCpo-a7bVDFWS2IrZPo9cvCnS\";}'
    'backendSession' => 's7t0q9h49ref0u8vtofeotuh34'
    '_OpacInlislite' => '05b5b41d16e86bdf3d11d4873e49ab0d980c65a3d17461c4ed9f9b0dc584365aa:2:{i:0;s:14:\"_OpacInlislite\";i:1;s:32:\"BtkyvuKgq8Fwb_JNK2NJXF1QpGyYp8zZ\";}'
    'PHPSESSID' => 'el1onombu4njvcititobmk3ii4'
    '_csrf' => 'af53f28b9899c040fcfd3e7ff2a8ef4386af6172d1a488299267af7b2db54427a:2:{i:0;s:5:\"_csrf\";i:1;s:32:\"QaBnQLa39yf_WzigQn-3k_Uh04kvFkjJ\";}'
    '_keanggotaanInlislite' => '98f101362526e014c2d61160be5f7982d789544a1776e65248fe0b762826481ca:2:{i:0;s:21:\"_keanggotaanInlislite\";i:1;s:32:\"O_XfrUv6iTK5CMq9dqh65yg7tJo8u3qd\";}'
    'keanggotaanSession' => '1ue30s84ckhgifbclgn2m50eq2'
]

$_SESSION = [
    '__flash' => []
    '__returnUrl' => '/inlislite3/opac/detail-opac?id=1'
    'RiwayatPencarian' => [
        0 => [
            'ip' => '10.9.6.68'
            'url' => 'http://localhost:8123/inlislite3/opac/pencarian-sederhana?action=pencarianSederhana&katakunci=sayur&ruas=Judul&bahan=Semua+Jenis+Bahan'
            'action' => 'pencarianSederhana'
            'keyword' => 'Judul = sayur'
            'bahan' => 'Semua Jenis Bahan'
            'time' => '03-29-2021 12:46:28'
        ]
        1 => [
            'ip' => '10.9.6.68'
            'url' => 'http://localhost:8123/inlislite3/opac/pencarian-sederhana?action=pencarianSederhana&katakunci=sayur&ruas=Judul&bahan=Semua+Jenis+Bahan'
            'action' => 'pencarianSederhana'
            'keyword' => 'Judul = sayur'
            'bahan' => 'Semua Jenis Bahan'
            'time' => '03-29-2021 13:03:37'
        ]
    ]
    'dataFacedAuthor' => [
        0 => [
            'Author' => 'Adi Setiawan'
            'jml' => '4'
        ]
    ]
    'dataFacedPublisher' => [
        0 => [
            'Publisher' => 'Ganeca,'
            'jml' => '4'
        ]
    ]
    'dataFacedPublishLocation' => [
        0 => [
            'PublishLocation' => 'Denpasar :'
            'jml' => '4'
        ]
    ]
    'dataFacedPublishYear' => [
        0 => [
            'PublishYear' => '2021'
            'jml' => '4'
        ]
    ]
    'dataFacedSubject' => []
    'dataFacedBahasa' => [
        0 => [
            'bahasa' => '###'
            'jml' => '4'
        ]
    ]
    'countSearch' => '4'
    'catID' => null
    'catIDmerge' => null
    '__id' => 2
]

$_SERVER = [
    'REDIRECT_MIBDIRS' => 'C:/xampp/php/extras/mibs'
    'REDIRECT_MYSQL_HOME' => '\\xampp\\mysql\\bin'
    'REDIRECT_OPENSSL_CONF' => 'C:/xampp/apache/bin/openssl.cnf'
    'REDIRECT_PHP_PEAR_SYSCONF_DIR' => '\\xampp\\php'
    'REDIRECT_PHPRC' => '\\xampp\\php'
    'REDIRECT_TMP' => '\\xampp\\tmp'
    'REDIRECT_STATUS' => '200'
    'MIBDIRS' => 'C:/xampp/php/extras/mibs'
    'MYSQL_HOME' => '\\xampp\\mysql\\bin'
    'OPENSSL_CONF' => 'C:/xampp/apache/bin/openssl.cnf'
    'PHP_PEAR_SYSCONF_DIR' => '\\xampp\\php'
    'PHPRC' => '\\xampp\\php'
    'TMP' => '\\xampp\\tmp'
    'HTTP_HOST' => 'localhost:8123'
    'HTTP_CONNECTION' => 'keep-alive'
    'HTTP_SEC_CH_UA' => '\"Google Chrome\";v=\"89\", \"Chromium\";v=\"89\", \";Not A Brand\";v=\"99\"'
    'HTTP_SEC_CH_UA_MOBILE' => '?0'
    'HTTP_USER_AGENT' => 'Mozilla/5.0 (Windows NT 10.0; Win64; x64) AppleWebKit/537.36 (KHTML, like Gecko) Chrome/89.0.4389.90 Safari/537.36'
    'HTTP_ACCEPT' => 'image/avif,image/webp,image/apng,image/svg+xml,image/*,*/*;q=0.8'
    'HTTP_SEC_FETCH_SITE' => 'same-origin'
    'HTTP_SEC_FETCH_MODE' => 'no-cors'
    'HTTP_SEC_FETCH_DEST' => 'image'
    'HTTP_REFERER' => 'http://localhost:8123/inlislite3/keanggotaan/site/index'
    'HTTP_ACCEPT_ENCODING' => 'gzip, deflate, br'
    'HTTP_ACCEPT_LANGUAGE' => 'en-US,en;q=0.9'
    'HTTP_COOKIE' => '_identity=af3e2a0e951dec577795a0c5ffd91cd682a11d709a13aa959f261807f7b4af33a%3A2%3A%7Bi%3A0%3Bs%3A9%3A%22_identity%22%3Bi%3A1%3Bs%3A17%3A%22%5B33%2Cnull%2C2592000%5D%22%3B%7D; _backendInlislite=8fe846c6c0cd49bcbb060ec1bab755022c18d566625eb1de421b3bf4fe551b07a%3A2%3A%7Bi%3A0%3Bs%3A17%3A%22_backendInlislite%22%3Bi%3A1%3Bs%3A32%3A%22ttPUDPsXCpo-a7bVDFWS2IrZPo9cvCnS%22%3B%7D; backendSession=s7t0q9h49ref0u8vtofeotuh34; _OpacInlislite=05b5b41d16e86bdf3d11d4873e49ab0d980c65a3d17461c4ed9f9b0dc584365aa%3A2%3A%7Bi%3A0%3Bs%3A14%3A%22_OpacInlislite%22%3Bi%3A1%3Bs%3A32%3A%22BtkyvuKgq8Fwb_JNK2NJXF1QpGyYp8zZ%22%3B%7D; PHPSESSID=el1onombu4njvcititobmk3ii4; _csrf=af53f28b9899c040fcfd3e7ff2a8ef4386af6172d1a488299267af7b2db54427a%3A2%3A%7Bi%3A0%3Bs%3A5%3A%22_csrf%22%3Bi%3A1%3Bs%3A32%3A%22QaBnQLa39yf_WzigQn-3k_Uh04kvFkjJ%22%3B%7D; _keanggotaanInlislite=98f101362526e014c2d61160be5f7982d789544a1776e65248fe0b762826481ca%3A2%3A%7Bi%3A0%3Bs%3A21%3A%22_keanggotaanInlislite%22%3Bi%3A1%3Bs%3A32%3A%22O_XfrUv6iTK5CMq9dqh65yg7tJo8u3qd%22%3B%7D; keanggotaanSession=1ue30s84ckhgifbclgn2m50eq2'
    'PATH' => 'C:\\Program Files (x86)\\Common Files\\Oracle\\Java\\javapath;C:\\Windows\\system32;C:\\Windows;C:\\Windows\\System32\\Wbem;C:\\Windows\\System32\\WindowsPowerShell\\v1.0\\;C:\\Windows\\System32\\OpenSSH\\;C:\\Program Files\\Git\\cmd;C:\\Program Files\\nodejs\\;C:\\laragon\\bin\\php\\php-7.2.19-Win32-VC15-x64;C:\\ProgramData\\ComposerSetup\\bin;C:\\flutter\\bin;;C:\\Program Files\\Microsoft VS Code\\bin;C:\\Users\\ipas\\AppData\\Local\\Programs\\Python\\Python38\\Scripts\\;C:\\Users\\ipas\\AppData\\Local\\Programs\\Python\\Python38\\;C:\\laragon\\bin;C:\\laragon\\bin\\apache\\httpd-2.4.35-win64-VC15\\bin;C:\\laragon\\bin\\composer;C:\\laragon\\bin\\git\\bin;C:\\laragon\\bin\\git\\cmd;C:\\laragon\\bin\\git\\mingw64\\bin;C:\\laragon\\bin\\git\\usr\\bin;C:\\laragon\\bin\\laragon\\utils;C:\\laragon\\bin\\mysql\\mysql-5.7.24-winx64\\bin;C:\\laragon\\bin\\nginx\\nginx-1.16.0;C:\\laragon\\bin\\ngrok;C:\\laragon\\bin\\nodejs\\node-v12;C:\\laragon\\bin\\notepad++;C:\\laragon\\bin\\php\\php-7.2.19-Win32-VC15-x64;C:\\laragon\\bin\\putty;C:\\laragon\\bin\\redis\\redis-x64-3.2.100;C:\\laragon\\bin\\telnet;C:\\laragon\\usr\\bin;C:\\Users\\ipas\\AppData\\Local\\Yarn\\config\\global\\node_modules\\.bin;C:\\Users\\ipas\\AppData\\Roaming\\Composer\\vendor\\bin;C:\\Users\\ipas\\AppData\\Roaming\\npm;C:\\Users\\ipas\\AppData\\Local\\Microsoft\\WindowsApps;C:\\Program Files\\heroku\\bin;C:\\Users\\ipas\\AppData\\Local\\Android\\Sdk\\platform-tools;'
    'SystemRoot' => 'C:\\Windows'
    'COMSPEC' => 'C:\\Windows\\system32\\cmd.exe'
    'PATHEXT' => '.COM;.EXE;.BAT;.CMD;.VBS;.VBE;.JS;.JSE;.WSF;.WSH;.MSC'
    'WINDIR' => 'C:\\Windows'
    'SERVER_SIGNATURE' => '<address>Apache/2.4.17 (Win32) OpenSSL/1.0.2d PHP/5.6.19 Server at localhost Port 8123</address>
'
    'SERVER_SOFTWARE' => 'Apache/2.4.17 (Win32) OpenSSL/1.0.2d PHP/5.6.19'
    'SERVER_NAME' => 'localhost'
    'SERVER_ADDR' => '::1'
    'SERVER_PORT' => '8123'
    'REMOTE_ADDR' => '::1'
    'DOCUMENT_ROOT' => 'C:/xampp/htdocs'
    'REQUEST_SCHEME' => 'http'
    'CONTEXT_PREFIX' => ''
    'CONTEXT_DOCUMENT_ROOT' => 'C:/xampp/htdocs'
    'SERVER_ADMIN' => 'postmaster@localhost'
    'SCRIPT_FILENAME' => 'C:/xampp/htdocs/inlislite3/keanggotaan/index.php'
    'REMOTE_PORT' => '53991'
    'REDIRECT_URL' => 'http://localhost:8123/inlislite3/keanggotaan/uploaded_files/aplikasi/favicon.png'
    'GATEWAY_INTERFACE' => 'CGI/1.1'
    'SERVER_PROTOCOL' => 'HTTP/1.1'
    'REQUEST_METHOD' => 'GET'
    'QUERY_STRING' => ''
    'REQUEST_URI' => '/inlislite3/keanggotaan/uploaded_files/aplikasi/favicon.png'
    'SCRIPT_NAME' => '/inlislite3/keanggotaan/index.php'
    'PHP_SELF' => '/inlislite3/keanggotaan/index.php'
    'REQUEST_TIME_FLOAT' => 1616998726.002
    'REQUEST_TIME' => 1616998726
]
